2026-04-26 08:23:31 - Script started
2026-04-26 08:23:36 - Script started
2026-04-26 08:23:36 - Script started
2026-04-26 08:23:38 - Script started
2026-04-26 08:23:39 - Script started
[26-Apr-2026 08:23:39 UTC] Inserting task: Array
(
    [queue_num] => 11
    [description] => aaa
    [date] => 2026-04-26
    [status] => Not done
)

2026-04-26 08:23:40 - Script started
[26-Apr-2026 08:23:40 UTC] Inserting task: Array
(
    [queue_num] => 11
    [description] => aaa
    [date] => 2026-04-26
    [status] => Not done
)

2026-04-26 08:23:41 - Script started
[26-Apr-2026 08:23:41 UTC] Inserting task: Array
(
    [queue_num] => 11
    [description] => aaa
    [date] => 2026-04-26
    [status] => Not done
)

2026-04-26 08:23:41 - Script started
[26-Apr-2026 08:23:41 UTC] Inserting task: Array
(
    [queue_num] => 11
    [description] => aaa
    [date] => 2026-04-26
    [status] => Not done
)

2026-04-26 08:23:42 - Script started
[26-Apr-2026 08:23:42 UTC] Inserting task: Array
(
    [queue_num] => 11
    [description] => aaa
    [date] => 2026-04-26
    [status] => Not done
)

2026-04-26 08:23:42 - Script started
[26-Apr-2026 08:23:42 UTC] Inserting task: Array
(
    [queue_num] => 11
    [description] => aaa
    [date] => 2026-04-26
    [status] => Not done
)

2026-04-26 08:23:42 - Script started
[26-Apr-2026 08:23:42 UTC] Inserting task: Array
(
    [queue_num] => 11
    [description] => aaa
    [date] => 2026-04-26
    [status] => Not done
)

2026-04-26 08:24:34 - Script started
2026-04-26 08:24:39 - Script started
[26-Apr-2026 08:24:39 UTC] Inserting task: Array
(
    [queue_num] => 11
    [description] => aaaaa
    [date] => 2026-04-26
    [status] => Not done
)

2026-04-26 08:24:41 - Script started
[26-Apr-2026 08:24:42 UTC] Inserting task: Array
(
    [queue_num] => 11
    [description] => aaaaa
    [date] => 2026-04-26
    [status] => Not done
)

2026-04-26 08:24:42 - Script started
[26-Apr-2026 08:24:42 UTC] Inserting task: Array
(
    [queue_num] => 11
    [description] => aaaaa
    [date] => 2026-04-26
    [status] => Not done
)

2026-04-26 08:27:55 - Script started
2026-04-26 08:27:59 - Script started
2026-04-26 08:28:01 - Script started
[26-Apr-2026 08:28:01 UTC] Inserting task: Array
(
    [queue_num] => 11
    [description] => aaa
    [date] => 2026-04-26
    [status] => Not done
)

2026-04-26 08:28:02 - Script started
2026-04-26 08:29:28 - Script started
2026-04-26 08:29:38 - Script started
2026-04-26 08:29:39 - Script started
2026-04-26 08:29:41 - Script started
2026-04-26 08:31:44 - Script started
2026-04-26 08:31:48 - Script started
[26-Apr-2026 08:31:48 UTC] Inserting task: Array
(
    [queue_num] => 11
    [description] => aaa
    [date] => 2026-04-26
    [status] => Not done
)

2026-04-26 08:31:50 - Script started
2026-04-26 08:31:54 - Script started
2026-04-26 08:31:55 - Script started
2026-04-26 08:49:51 - Script started
2026-04-26 08:53:45 - Script started
2026-04-26 08:58:26 - Script started
2026-04-26 08:58:32 - Script started
2026-04-26 08:58:33 - Script started
2026-04-26 08:58:35 - Script started
2026-04-26 08:58:38 - Script started
2026-04-26 08:58:40 - Script started
2026-04-26 08:58:40 - Script started
